   0  $accept : top $end

   1  $$1 :

   2  top : $$1 statement_list T_EOF

   3  statement_list : expr
   4                 | T_SEMI statement_list
   5                 | statement_list T_SEMI expr
   6                 | statement_list T_SEMI

   7  expr : T_INPUT
   8       | expr T_PERIOD constant
   9       | expr T_PERIOD T_NAME
  10       | constant
  11       | T_LPAR expr T_RPAR
  12       | T_LSQB list T_RSQB
  13       | T_NAME T_LPAR optional_argument_list T_RPAR
  14       | T_MOD T_LPAR optional_argument_list T_RPAR
  15       | T_DOT T_LPAR optional_argument_list T_RPAR
  16       | T_CROSS T_LPAR optional_argument_list T_RPAR
  17       | expr T_QUEST expr T_COLON expr
  18       | expr T_LAND expr
  19       | expr T_LOR expr
  20       | expr T_GT expr
  21       | expr T_GE expr
  22       | expr T_LT expr
  23       | expr T_LE expr
  24       | expr T_EQ expr
  25       | expr T_NE expr
  26       | expr T_PLUS expr
  27       | expr T_MINUS expr
  28       | expr T_TIMES expr
  29       | expr T_DIV expr
  30       | expr T_MOD expr
  31       | expr T_DOT expr
  32       | expr T_CROSS expr
  33       | expr T_EXP expr
  34       | T_MINUS expr
  35       | T_PLUS expr
  36       | T_LNOT expr
  37       | T_NAME T_ASSIGN expr
  38       | T_NAME

  39  optional_argument_list :
  40                         | argument_list

  41  argument_list : expr
  42                | argument_list T_COMMA expr

  43  list : expr
  44       | list T_COMMA expr

  45  constant : real

  46  real : T_INT
  47       | T_FLOAT
  48       | T_DOUBLE
  49       | T_STRING

state 0
	$accept : . top $end  (0)
	$$1 : .  (1)

	.  reduce 1

	top  goto 1
	$$1  goto 2


state 1
	$accept : top . $end  (0)

	$end  accept


state 2
	top : $$1 . statement_list T_EOF  (2)

	T_NAME  shift 3
	T_FLOAT  shift 4
	T_DOUBLE  shift 5
	T_INT  shift 6
	T_INPUT  shift 7
	T_STRING  shift 8
	T_LPAR  shift 9
	T_LSQB  shift 10
	T_LNOT  shift 11
	T_CROSS  shift 12
	T_DOT  shift 13
	T_PLUS  shift 14
	T_MINUS  shift 15
	T_MOD  shift 16
	T_SEMI  shift 17
	.  error

	expr  goto 18
	statement_list  goto 19
	constant  goto 20
	real  goto 21


state 3
	expr : T_NAME . T_LPAR optional_argument_list T_RPAR  (13)
	expr : T_NAME . T_ASSIGN expr  (37)
	expr : T_NAME .  (38)

	T_LPAR  shift 22
	T_ASSIGN  shift 23
	T_EOF  reduce 38
	T_RPAR  reduce 38
	T_RSQB  reduce 38
	T_COMMA  reduce 38
	T_PERIOD  reduce 38
	T_COLON  reduce 38
	T_LOR  reduce 38
	T_LAND  reduce 38
	T_LT  reduce 38
	T_LE  reduce 38
	T_GT  reduce 38
	T_GE  reduce 38
	T_EQ  reduce 38
	T_NE  reduce 38
	T_QUEST  reduce 38
	T_CROSS  reduce 38
	T_DOT  reduce 38
	T_PLUS  reduce 38
	T_MINUS  reduce 38
	T_EXP  reduce 38
	T_TIMES  reduce 38
	T_DIV  reduce 38
	T_MOD  reduce 38
	T_SEMI  reduce 38


state 4
	real : T_FLOAT .  (47)

	.  reduce 47


state 5
	real : T_DOUBLE .  (48)

	.  reduce 48


state 6
	real : T_INT .  (46)

	.  reduce 46


state 7
	expr : T_INPUT .  (7)

	.  reduce 7


state 8
	real : T_STRING .  (49)

	.  reduce 49


state 9
	expr : T_LPAR . expr T_RPAR  (11)

	T_NAME  shift 3
	T_FLOAT  shift 4
	T_DOUBLE  shift 5
	T_INT  shift 6
	T_INPUT  shift 7
	T_STRING  shift 8
	T_LPAR  shift 9
	T_LSQB  shift 10
	T_LNOT  shift 11
	T_CROSS  shift 12
	T_DOT  shift 13
	T_PLUS  shift 14
	T_MINUS  shift 15
	T_MOD  shift 16
	.  error

	expr  goto 24
	constant  goto 20
	real  goto 21


state 10
	expr : T_LSQB . list T_RSQB  (12)

	T_NAME  shift 3
	T_FLOAT  shift 4
	T_DOUBLE  shift 5
	T_INT  shift 6
	T_INPUT  shift 7
	T_STRING  shift 8
	T_LPAR  shift 9
	T_LSQB  shift 10
	T_LNOT  shift 11
	T_CROSS  shift 12
	T_DOT  shift 13
	T_PLUS  shift 14
	T_MINUS  shift 15
	T_MOD  shift 16
	.  error

	expr  goto 25
	constant  goto 20
	real  goto 21
	list  goto 26


state 11
	expr : T_LNOT . expr  (36)

	T_NAME  shift 3
	T_FLOAT  shift 4
	T_DOUBLE  shift 5
	T_INT  shift 6
	T_INPUT  shift 7
	T_STRING  shift 8
	T_LPAR  shift 9
	T_LSQB  shift 10
	T_LNOT  shift 11
	T_CROSS  shift 12
	T_DOT  shift 13
	T_PLUS  shift 14
	T_MINUS  shift 15
	T_MOD  shift 16
	.  error

	expr  goto 27
	constant  goto 20
	real  goto 21


state 12
	expr : T_CROSS . T_LPAR optional_argument_list T_RPAR  (16)

	T_LPAR  shift 28
	.  error


state 13
	expr : T_DOT . T_LPAR optional_argument_list T_RPAR  (15)

	T_LPAR  shift 29
	.  error


state 14
	expr : T_PLUS . expr  (35)

	T_NAME  shift 3
	T_FLOAT  shift 4
	T_DOUBLE  shift 5
	T_INT  shift 6
	T_INPUT  shift 7
	T_STRING  shift 8
	T_LPAR  shift 9
	T_LSQB  shift 10
	T_LNOT  shift 11
	T_CROSS  shift 12
	T_DOT  shift 13
	T_PLUS  shift 14
	T_MINUS  shift 15
	T_MOD  shift 16
	.  error

	expr  goto 30
	constant  goto 20
	real  goto 21


state 15
	expr : T_MINUS . expr  (34)

	T_NAME  shift 3
	T_FLOAT  shift 4
	T_DOUBLE  shift 5
	T_INT  shift 6
	T_INPUT  shift 7
	T_STRING  shift 8
	T_LPAR  shift 9
	T_LSQB  shift 10
	T_LNOT  shift 11
	T_CROSS  shift 12
	T_DOT  shift 13
	T_PLUS  shift 14
	T_MINUS  shift 15
	T_MOD  shift 16
	.  error

	expr  goto 31
	constant  goto 20
	real  goto 21


state 16
	expr : T_MOD . T_LPAR optional_argument_list T_RPAR  (14)

	T_LPAR  shift 32
	.  error


state 17
	statement_list : T_SEMI . statement_list  (4)

	T_NAME  shift 3
	T_FLOAT  shift 4
	T_DOUBLE  shift 5
	T_INT  shift 6
	T_INPUT  shift 7
	T_STRING  shift 8
	T_LPAR  shift 9
	T_LSQB  shift 10
	T_LNOT  shift 11
	T_CROSS  shift 12
	T_DOT  shift 13
	T_PLUS  shift 14
	T_MINUS  shift 15
	T_MOD  shift 16
	T_SEMI  shift 17
	.  error

	expr  goto 18
	statement_list  goto 33
	constant  goto 20
	real  goto 21


state 18
	statement_list : expr .  (3)
	expr : expr . T_PERIOD constant  (8)
	expr : expr . T_PERIOD T_NAME  (9)
	expr : expr . T_QUEST expr T_COLON expr  (17)
	expr : expr . T_LAND expr  (18)
	expr : expr . T_LOR expr  (19)
	expr : expr . T_GT expr  (20)
	expr : expr . T_GE expr  (21)
	expr : expr . T_LT expr  (22)
	expr : expr . T_LE expr  (23)
	expr : expr . T_EQ expr  (24)
	expr : expr . T_NE expr  (25)
	expr : expr . T_PLUS expr  (26)
	expr : expr . T_MINUS expr  (27)
	expr : expr . T_TIMES expr  (28)
	expr : expr . T_DIV expr  (29)
	expr : expr . T_MOD expr  (30)
	expr : expr . T_DOT expr  (31)
	expr : expr . T_CROSS expr  (32)
	expr : expr . T_EXP expr  (33)

	T_PERIOD  shift 34
	T_LOR  shift 35
	T_LAND  shift 36
	T_LT  shift 37
	T_LE  shift 38
	T_GT  shift 39
	T_GE  shift 40
	T_EQ  shift 41
	T_NE  shift 42
	T_QUEST  shift 43
	T_CROSS  shift 44
	T_DOT  shift 45
	T_PLUS  shift 46
	T_MINUS  shift 47
	T_EXP  shift 48
	T_TIMES  shift 49
	T_DIV  shift 50
	T_MOD  shift 51
	T_EOF  reduce 3
	T_SEMI  reduce 3


state 19
	top : $$1 statement_list . T_EOF  (2)
	statement_list : statement_list . T_SEMI expr  (5)
	statement_list : statement_list . T_SEMI  (6)

	T_EOF  shift 52
	T_SEMI  shift 53
	.  error


state 20
	expr : constant .  (10)

	.  reduce 10


state 21
	constant : real .  (45)

	.  reduce 45


state 22
	expr : T_NAME T_LPAR . optional_argument_list T_RPAR  (13)
	optional_argument_list : .  (39)

	T_NAME  shift 3
	T_FLOAT  shift 4
	T_DOUBLE  shift 5
	T_INT  shift 6
	T_INPUT  shift 7
	T_STRING  shift 8
	T_LPAR  shift 9
	T_LSQB  shift 10
	T_LNOT  shift 11
	T_CROSS  shift 12
	T_DOT  shift 13
	T_PLUS  shift 14
	T_MINUS  shift 15
	T_MOD  shift 16
	T_RPAR  reduce 39

	expr  goto 54
	constant  goto 20
	real  goto 21
	optional_argument_list  goto 55
	argument_list  goto 56


state 23
	expr : T_NAME T_ASSIGN . expr  (37)

	T_NAME  shift 3
	T_FLOAT  shift 4
	T_DOUBLE  shift 5
	T_INT  shift 6
	T_INPUT  shift 7
	T_STRING  shift 8
	T_LPAR  shift 9
	T_LSQB  shift 10
	T_LNOT  shift 11
	T_CROSS  shift 12
	T_DOT  shift 13
	T_PLUS  shift 14
	T_MINUS  shift 15
	T_MOD  shift 16
	.  error

	expr  goto 57
	constant  goto 20
	real  goto 21


state 24
	expr : expr . T_PERIOD constant  (8)
	expr : expr . T_PERIOD T_NAME  (9)
	expr : T_LPAR expr . T_RPAR  (11)
	expr : expr . T_QUEST expr T_COLON expr  (17)
	expr : expr . T_LAND expr  (18)
	expr : expr . T_LOR expr  (19)
	expr : expr . T_GT expr  (20)
	expr : expr . T_GE expr  (21)
	expr : expr . T_LT expr  (22)
	expr : expr . T_LE expr  (23)
	expr : expr . T_EQ expr  (24)
	expr : expr . T_NE expr  (25)
	expr : expr . T_PLUS expr  (26)
	expr : expr . T_MINUS expr  (27)
	expr : expr . T_TIMES expr  (28)
	expr : expr . T_DIV expr  (29)
	expr : expr . T_MOD expr  (30)
	expr : expr . T_DOT expr  (31)
	expr : expr . T_CROSS expr  (32)
	expr : expr . T_EXP expr  (33)

	T_RPAR  shift 58
	T_PERIOD  shift 34
	T_LOR  shift 35
	T_LAND  shift 36
	T_LT  shift 37
	T_LE  shift 38
	T_GT  shift 39
	T_GE  shift 40
	T_EQ  shift 41
	T_NE  shift 42
	T_QUEST  shift 43
	T_CROSS  shift 44
	T_DOT  shift 45
	T_PLUS  shift 46
	T_MINUS  shift 47
	T_EXP  shift 48
	T_TIMES  shift 49
	T_DIV  shift 50
	T_MOD  shift 51
	.  error


state 25
	expr : expr . T_PERIOD constant  (8)
	expr : expr . T_PERIOD T_NAME  (9)
	expr : expr . T_QUEST expr T_COLON expr  (17)
	expr : expr . T_LAND expr  (18)
	expr : expr . T_LOR expr  (19)
	expr : expr . T_GT expr  (20)
	expr : expr . T_GE expr  (21)
	expr : expr . T_LT expr  (22)
	expr : expr . T_LE expr  (23)
	expr : expr . T_EQ expr  (24)
	expr : expr . T_NE expr  (25)
	expr : expr . T_PLUS expr  (26)
	expr : expr . T_MINUS expr  (27)
	expr : expr . T_TIMES expr  (28)
	expr : expr . T_DIV expr  (29)
	expr : expr . T_MOD expr  (30)
	expr : expr . T_DOT expr  (31)
	expr : expr . T_CROSS expr  (32)
	expr : expr . T_EXP expr  (33)
	list : expr .  (43)

	T_PERIOD  shift 34
	T_LOR  shift 35
	T_LAND  shift 36
	T_LT  shift 37
	T_LE  shift 38
	T_GT  shift 39
	T_GE  shift 40
	T_EQ  shift 41
	T_NE  shift 42
	T_QUEST  shift 43
	T_CROSS  shift 44
	T_DOT  shift 45
	T_PLUS  shift 46
	T_MINUS  shift 47
	T_EXP  shift 48
	T_TIMES  shift 49
	T_DIV  shift 50
	T_MOD  shift 51
	T_RSQB  reduce 43
	T_COMMA  reduce 43


state 26
	expr : T_LSQB list . T_RSQB  (12)
	list : list . T_COMMA expr  (44)

	T_RSQB  shift 59
	T_COMMA  shift 60
	.  error


state 27
	expr : expr . T_PERIOD constant  (8)
	expr : expr . T_PERIOD T_NAME  (9)
	expr : expr . T_QUEST expr T_COLON expr  (17)
	expr : expr . T_LAND expr  (18)
	expr : expr . T_LOR expr  (19)
	expr : expr . T_GT expr  (20)
	expr : expr . T_GE expr  (21)
	expr : expr . T_LT expr  (22)
	expr : expr . T_LE expr  (23)
	expr : expr . T_EQ expr  (24)
	expr : expr . T_NE expr  (25)
	expr : expr . T_PLUS expr  (26)
	expr : expr . T_MINUS expr  (27)
	expr : expr . T_TIMES expr  (28)
	expr : expr . T_DIV expr  (29)
	expr : expr . T_MOD expr  (30)
	expr : expr . T_DOT expr  (31)
	expr : expr . T_CROSS expr  (32)
	expr : expr . T_EXP expr  (33)
	expr : T_LNOT expr .  (36)

	.  reduce 36


state 28
	expr : T_CROSS T_LPAR . optional_argument_list T_RPAR  (16)
	optional_argument_list : .  (39)

	T_NAME  shift 3
	T_FLOAT  shift 4
	T_DOUBLE  shift 5
	T_INT  shift 6
	T_INPUT  shift 7
	T_STRING  shift 8
	T_LPAR  shift 9
	T_LSQB  shift 10
	T_LNOT  shift 11
	T_CROSS  shift 12
	T_DOT  shift 13
	T_PLUS  shift 14
	T_MINUS  shift 15
	T_MOD  shift 16
	T_RPAR  reduce 39

	expr  goto 54
	constant  goto 20
	real  goto 21
	optional_argument_list  goto 61
	argument_list  goto 56


state 29
	expr : T_DOT T_LPAR . optional_argument_list T_RPAR  (15)
	optional_argument_list : .  (39)

	T_NAME  shift 3
	T_FLOAT  shift 4
	T_DOUBLE  shift 5
	T_INT  shift 6
	T_INPUT  shift 7
	T_STRING  shift 8
	T_LPAR  shift 9
	T_LSQB  shift 10
	T_LNOT  shift 11
	T_CROSS  shift 12
	T_DOT  shift 13
	T_PLUS  shift 14
	T_MINUS  shift 15
	T_MOD  shift 16
	T_RPAR  reduce 39

	expr  goto 54
	constant  goto 20
	real  goto 21
	optional_argument_list  goto 62
	argument_list  goto 56


state 30
	expr : expr . T_PERIOD constant  (8)
	expr : expr . T_PERIOD T_NAME  (9)
	expr : expr . T_QUEST expr T_COLON expr  (17)
	expr : expr . T_LAND expr  (18)
	expr : expr . T_LOR expr  (19)
	expr : expr . T_GT expr  (20)
	expr : expr . T_GE expr  (21)
	expr : expr . T_LT expr  (22)
	expr : expr . T_LE expr  (23)
	expr : expr . T_EQ expr  (24)
	expr : expr . T_NE expr  (25)
	expr : expr . T_PLUS expr  (26)
	expr : expr . T_MINUS expr  (27)
	expr : expr . T_TIMES expr  (28)
	expr : expr . T_DIV expr  (29)
	expr : expr . T_MOD expr  (30)
	expr : expr . T_DOT expr  (31)
	expr : expr . T_CROSS expr  (32)
	expr : expr . T_EXP expr  (33)
	expr : T_PLUS expr .  (35)

	.  reduce 35


state 31
	expr : expr . T_PERIOD constant  (8)
	expr : expr . T_PERIOD T_NAME  (9)
	expr : expr . T_QUEST expr T_COLON expr  (17)
	expr : expr . T_LAND expr  (18)
	expr : expr . T_LOR expr  (19)
	expr : expr . T_GT expr  (20)
	expr : expr . T_GE expr  (21)
	expr : expr . T_LT expr  (22)
	expr : expr . T_LE expr  (23)
	expr : expr . T_EQ expr  (24)
	expr : expr . T_NE expr  (25)
	expr : expr . T_PLUS expr  (26)
	expr : expr . T_MINUS expr  (27)
	expr : expr . T_TIMES expr  (28)
	expr : expr . T_DIV expr  (29)
	expr : expr . T_MOD expr  (30)
	expr : expr . T_DOT expr  (31)
	expr : expr . T_CROSS expr  (32)
	expr : expr . T_EXP expr  (33)
	expr : T_MINUS expr .  (34)

	.  reduce 34


state 32
	expr : T_MOD T_LPAR . optional_argument_list T_RPAR  (14)
	optional_argument_list : .  (39)

	T_NAME  shift 3
	T_FLOAT  shift 4
	T_DOUBLE  shift 5
	T_INT  shift 6
	T_INPUT  shift 7
	T_STRING  shift 8
	T_LPAR  shift 9
	T_LSQB  shift 10
	T_LNOT  shift 11
	T_CROSS  shift 12
	T_DOT  shift 13
	T_PLUS  shift 14
	T_MINUS  shift 15
	T_MOD  shift 16
	T_RPAR  reduce 39

	expr  goto 54
	constant  goto 20
	real  goto 21
	optional_argument_list  goto 63
	argument_list  goto 56


33: shift/reduce conflict (shift 53, reduce 4) on T_SEMI
state 33
	statement_list : T_SEMI statement_list .  (4)
	statement_list : statement_list . T_SEMI expr  (5)
	statement_list : statement_list . T_SEMI  (6)

	T_SEMI  shift 53
	T_EOF  reduce 4


state 34
	expr : expr T_PERIOD . constant  (8)
	expr : expr T_PERIOD . T_NAME  (9)

	T_NAME  shift 64
	T_FLOAT  shift 4
	T_DOUBLE  shift 5
	T_INT  shift 6
	T_STRING  shift 8
	.  error

	constant  goto 65
	real  goto 21


state 35
	expr : expr T_LOR . expr  (19)

	T_NAME  shift 3
	T_FLOAT  shift 4
	T_DOUBLE  shift 5
	T_INT  shift 6
	T_INPUT  shift 7
	T_STRING  shift 8
	T_LPAR  shift 9
	T_LSQB  shift 10
	T_LNOT  shift 11
	T_CROSS  shift 12
	T_DOT  shift 13
	T_PLUS  shift 14
	T_MINUS  shift 15
	T_MOD  shift 16
	.  error

	expr  goto 66
	constant  goto 20
	real  goto 21


state 36
	expr : expr T_LAND . expr  (18)

	T_NAME  shift 3
	T_FLOAT  shift 4
	T_DOUBLE  shift 5
	T_INT  shift 6
	T_INPUT  shift 7
	T_STRING  shift 8
	T_LPAR  shift 9
	T_LSQB  shift 10
	T_LNOT  shift 11
	T_CROSS  shift 12
	T_DOT  shift 13
	T_PLUS  shift 14
	T_MINUS  shift 15
	T_MOD  shift 16
	.  error

	expr  goto 67
	constant  goto 20
	real  goto 21


state 37
	expr : expr T_LT . expr  (22)

	T_NAME  shift 3
	T_FLOAT  shift 4
	T_DOUBLE  shift 5
	T_INT  shift 6
	T_INPUT  shift 7
	T_STRING  shift 8
	T_LPAR  shift 9
	T_LSQB  shift 10
	T_LNOT  shift 11
	T_CROSS  shift 12
	T_DOT  shift 13
	T_PLUS  shift 14
	T_MINUS  shift 15
	T_MOD  shift 16
	.  error

	expr  goto 68
	constant  goto 20
	real  goto 21


state 38
	expr : expr T_LE . expr  (23)

	T_NAME  shift 3
	T_FLOAT  shift 4
	T_DOUBLE  shift 5
	T_INT  shift 6
	T_INPUT  shift 7
	T_STRING  shift 8
	T_LPAR  shift 9
	T_LSQB  shift 10
	T_LNOT  shift 11
	T_CROSS  shift 12
	T_DOT  shift 13
	T_PLUS  shift 14
	T_MINUS  shift 15
	T_MOD  shift 16
	.  error

	expr  goto 69
	constant  goto 20
	real  goto 21


state 39
	expr : expr T_GT . expr  (20)

	T_NAME  shift 3
	T_FLOAT  shift 4
	T_DOUBLE  shift 5
	T_INT  shift 6
	T_INPUT  shift 7
	T_STRING  shift 8
	T_LPAR  shift 9
	T_LSQB  shift 10
	T_LNOT  shift 11
	T_CROSS  shift 12
	T_DOT  shift 13
	T_PLUS  shift 14
	T_MINUS  shift 15
	T_MOD  shift 16
	.  error

	expr  goto 70
	constant  goto 20
	real  goto 21


state 40
	expr : expr T_GE . expr  (21)

	T_NAME  shift 3
	T_FLOAT  shift 4
	T_DOUBLE  shift 5
	T_INT  shift 6
	T_INPUT  shift 7
	T_STRING  shift 8
	T_LPAR  shift 9
	T_LSQB  shift 10
	T_LNOT  shift 11
	T_CROSS  shift 12
	T_DOT  shift 13
	T_PLUS  shift 14
	T_MINUS  shift 15
	T_MOD  shift 16
	.  error

	expr  goto 71
	constant  goto 20
	real  goto 21


state 41
	expr : expr T_EQ . expr  (24)

	T_NAME  shift 3
	T_FLOAT  shift 4
	T_DOUBLE  shift 5
	T_INT  shift 6
	T_INPUT  shift 7
	T_STRING  shift 8
	T_LPAR  shift 9
	T_LSQB  shift 10
	T_LNOT  shift 11
	T_CROSS  shift 12
	T_DOT  shift 13
	T_PLUS  shift 14
	T_MINUS  shift 15
	T_MOD  shift 16
	.  error

	expr  goto 72
	constant  goto 20
	real  goto 21


state 42
	expr : expr T_NE . expr  (25)

	T_NAME  shift 3
	T_FLOAT  shift 4
	T_DOUBLE  shift 5
	T_INT  shift 6
	T_INPUT  shift 7
	T_STRING  shift 8
	T_LPAR  shift 9
	T_LSQB  shift 10
	T_LNOT  shift 11
	T_CROSS  shift 12
	T_DOT  shift 13
	T_PLUS  shift 14
	T_MINUS  shift 15
	T_MOD  shift 16
	.  error

	expr  goto 73
	constant  goto 20
	real  goto 21


state 43
	expr : expr T_QUEST . expr T_COLON expr  (17)

	T_NAME  shift 3
	T_FLOAT  shift 4
	T_DOUBLE  shift 5
	T_INT  shift 6
	T_INPUT  shift 7
	T_STRING  shift 8
	T_LPAR  shift 9
	T_LSQB  shift 10
	T_LNOT  shift 11
	T_CROSS  shift 12
	T_DOT  shift 13
	T_PLUS  shift 14
	T_MINUS  shift 15
	T_MOD  shift 16
	.  error

	expr  goto 74
	constant  goto 20
	real  goto 21


state 44
	expr : expr T_CROSS . expr  (32)

	T_NAME  shift 3
	T_FLOAT  shift 4
	T_DOUBLE  shift 5
	T_INT  shift 6
	T_INPUT  shift 7
	T_STRING  shift 8
	T_LPAR  shift 9
	T_LSQB  shift 10
	T_LNOT  shift 11
	T_CROSS  shift 12
	T_DOT  shift 13
	T_PLUS  shift 14
	T_MINUS  shift 15
	T_MOD  shift 16
	.  error

	expr  goto 75
	constant  goto 20
	real  goto 21


state 45
	expr : expr T_DOT . expr  (31)

	T_NAME  shift 3
	T_FLOAT  shift 4
	T_DOUBLE  shift 5
	T_INT  shift 6
	T_INPUT  shift 7
	T_STRING  shift 8
	T_LPAR  shift 9
	T_LSQB  shift 10
	T_LNOT  shift 11
	T_CROSS  shift 12
	T_DOT  shift 13
	T_PLUS  shift 14
	T_MINUS  shift 15
	T_MOD  shift 16
	.  error

	expr  goto 76
	constant  goto 20
	real  goto 21


state 46
	expr : expr T_PLUS . expr  (26)

	T_NAME  shift 3
	T_FLOAT  shift 4
	T_DOUBLE  shift 5
	T_INT  shift 6
	T_INPUT  shift 7
	T_STRING  shift 8
	T_LPAR  shift 9
	T_LSQB  shift 10
	T_LNOT  shift 11
	T_CROSS  shift 12
	T_DOT  shift 13
	T_PLUS  shift 14
	T_MINUS  shift 15
	T_MOD  shift 16
	.  error

	expr  goto 77
	constant  goto 20
	real  goto 21


state 47
	expr : expr T_MINUS . expr  (27)

	T_NAME  shift 3
	T_FLOAT  shift 4
	T_DOUBLE  shift 5
	T_INT  shift 6
	T_INPUT  shift 7
	T_STRING  shift 8
	T_LPAR  shift 9
	T_LSQB  shift 10
	T_LNOT  shift 11
	T_CROSS  shift 12
	T_DOT  shift 13
	T_PLUS  shift 14
	T_MINUS  shift 15
	T_MOD  shift 16
	.  error

	expr  goto 78
	constant  goto 20
	real  goto 21


state 48
	expr : expr T_EXP . expr  (33)

	T_NAME  shift 3
	T_FLOAT  shift 4
	T_DOUBLE  shift 5
	T_INT  shift 6
	T_INPUT  shift 7
	T_STRING  shift 8
	T_LPAR  shift 9
	T_LSQB  shift 10
	T_LNOT  shift 11
	T_CROSS  shift 12
	T_DOT  shift 13
	T_PLUS  shift 14
	T_MINUS  shift 15
	T_MOD  shift 16
	.  error

	expr  goto 79
	constant  goto 20
	real  goto 21


state 49
	expr : expr T_TIMES . expr  (28)

	T_NAME  shift 3
	T_FLOAT  shift 4
	T_DOUBLE  shift 5
	T_INT  shift 6
	T_INPUT  shift 7
	T_STRING  shift 8
	T_LPAR  shift 9
	T_LSQB  shift 10
	T_LNOT  shift 11
	T_CROSS  shift 12
	T_DOT  shift 13
	T_PLUS  shift 14
	T_MINUS  shift 15
	T_MOD  shift 16
	.  error

	expr  goto 80
	constant  goto 20
	real  goto 21


state 50
	expr : expr T_DIV . expr  (29)

	T_NAME  shift 3
	T_FLOAT  shift 4
	T_DOUBLE  shift 5
	T_INT  shift 6
	T_INPUT  shift 7
	T_STRING  shift 8
	T_LPAR  shift 9
	T_LSQB  shift 10
	T_LNOT  shift 11
	T_CROSS  shift 12
	T_DOT  shift 13
	T_PLUS  shift 14
	T_MINUS  shift 15
	T_MOD  shift 16
	.  error

	expr  goto 81
	constant  goto 20
	real  goto 21


state 51
	expr : expr T_MOD . expr  (30)

	T_NAME  shift 3
	T_FLOAT  shift 4
	T_DOUBLE  shift 5
	T_INT  shift 6
	T_INPUT  shift 7
	T_STRING  shift 8
	T_LPAR  shift 9
	T_LSQB  shift 10
	T_LNOT  shift 11
	T_CROSS  shift 12
	T_DOT  shift 13
	T_PLUS  shift 14
	T_MINUS  shift 15
	T_MOD  shift 16
	.  error

	expr  goto 82
	constant  goto 20
	real  goto 21


state 52
	top : $$1 statement_list T_EOF .  (2)

	.  reduce 2


state 53
	statement_list : statement_list T_SEMI . expr  (5)
	statement_list : statement_list T_SEMI .  (6)

	T_NAME  shift 3
	T_FLOAT  shift 4
	T_DOUBLE  shift 5
	T_INT  shift 6
	T_INPUT  shift 7
	T_STRING  shift 8
	T_LPAR  shift 9
	T_LSQB  shift 10
	T_LNOT  shift 11
	T_CROSS  shift 12
	T_DOT  shift 13
	T_PLUS  shift 14
	T_MINUS  shift 15
	T_MOD  shift 16
	T_EOF  reduce 6
	T_SEMI  reduce 6

	expr  goto 83
	constant  goto 20
	real  goto 21


state 54
	expr : expr . T_PERIOD constant  (8)
	expr : expr . T_PERIOD T_NAME  (9)
	expr : expr . T_QUEST expr T_COLON expr  (17)
	expr : expr . T_LAND expr  (18)
	expr : expr . T_LOR expr  (19)
	expr : expr . T_GT expr  (20)
	expr : expr . T_GE expr  (21)
	expr : expr . T_LT expr  (22)
	expr : expr . T_LE expr  (23)
	expr : expr . T_EQ expr  (24)
	expr : expr . T_NE expr  (25)
	expr : expr . T_PLUS expr  (26)
	expr : expr . T_MINUS expr  (27)
	expr : expr . T_TIMES expr  (28)
	expr : expr . T_DIV expr  (29)
	expr : expr . T_MOD expr  (30)
	expr : expr . T_DOT expr  (31)
	expr : expr . T_CROSS expr  (32)
	expr : expr . T_EXP expr  (33)
	argument_list : expr .  (41)

	T_PERIOD  shift 34
	T_LOR  shift 35
	T_LAND  shift 36
	T_LT  shift 37
	T_LE  shift 38
	T_GT  shift 39
	T_GE  shift 40
	T_EQ  shift 41
	T_NE  shift 42
	T_QUEST  shift 43
	T_CROSS  shift 44
	T_DOT  shift 45
	T_PLUS  shift 46
	T_MINUS  shift 47
	T_EXP  shift 48
	T_TIMES  shift 49
	T_DIV  shift 50
	T_MOD  shift 51
	T_RPAR  reduce 41
	T_COMMA  reduce 41


state 55
	expr : T_NAME T_LPAR optional_argument_list . T_RPAR  (13)

	T_RPAR  shift 84
	.  error


state 56
	optional_argument_list : argument_list .  (40)
	argument_list : argument_list . T_COMMA expr  (42)

	T_COMMA  shift 85
	T_RPAR  reduce 40


state 57
	expr : expr . T_PERIOD constant  (8)
	expr : expr . T_PERIOD T_NAME  (9)
	expr : expr . T_QUEST expr T_COLON expr  (17)
	expr : expr . T_LAND expr  (18)
	expr : expr . T_LOR expr  (19)
	expr : expr . T_GT expr  (20)
	expr : expr . T_GE expr  (21)
	expr : expr . T_LT expr  (22)
	expr : expr . T_LE expr  (23)
	expr : expr . T_EQ expr  (24)
	expr : expr . T_NE expr  (25)
	expr : expr . T_PLUS expr  (26)
	expr : expr . T_MINUS expr  (27)
	expr : expr . T_TIMES expr  (28)
	expr : expr . T_DIV expr  (29)
	expr : expr . T_MOD expr  (30)
	expr : expr . T_DOT expr  (31)
	expr : expr . T_CROSS expr  (32)
	expr : expr . T_EXP expr  (33)
	expr : T_NAME T_ASSIGN expr .  (37)

	T_PERIOD  shift 34
	T_LOR  shift 35
	T_LAND  shift 36
	T_LT  shift 37
	T_LE  shift 38
	T_GT  shift 39
	T_GE  shift 40
	T_EQ  shift 41
	T_NE  shift 42
	T_QUEST  shift 43
	T_CROSS  shift 44
	T_DOT  shift 45
	T_PLUS  shift 46
	T_MINUS  shift 47
	T_EXP  shift 48
	T_TIMES  shift 49
	T_DIV  shift 50
	T_MOD  shift 51
	T_EOF  reduce 37
	T_RPAR  reduce 37
	T_RSQB  reduce 37
	T_COMMA  reduce 37
	T_COLON  reduce 37
	T_SEMI  reduce 37


state 58
	expr : T_LPAR expr T_RPAR .  (11)

	.  reduce 11


state 59
	expr : T_LSQB list T_RSQB .  (12)

	.  reduce 12


state 60
	list : list T_COMMA . expr  (44)

	T_NAME  shift 3
	T_FLOAT  shift 4
	T_DOUBLE  shift 5
	T_INT  shift 6
	T_INPUT  shift 7
	T_STRING  shift 8
	T_LPAR  shift 9
	T_LSQB  shift 10
	T_LNOT  shift 11
	T_CROSS  shift 12
	T_DOT  shift 13
	T_PLUS  shift 14
	T_MINUS  shift 15
	T_MOD  shift 16
	.  error

	expr  goto 86
	constant  goto 20
	real  goto 21


state 61
	expr : T_CROSS T_LPAR optional_argument_list . T_RPAR  (16)

	T_RPAR  shift 87
	.  error


state 62
	expr : T_DOT T_LPAR optional_argument_list . T_RPAR  (15)

	T_RPAR  shift 88
	.  error


state 63
	expr : T_MOD T_LPAR optional_argument_list . T_RPAR  (14)

	T_RPAR  shift 89
	.  error


state 64
	expr : expr T_PERIOD T_NAME .  (9)

	.  reduce 9


state 65
	expr : expr T_PERIOD constant .  (8)

	.  reduce 8


state 66
	expr : expr . T_PERIOD constant  (8)
	expr : expr . T_PERIOD T_NAME  (9)
	expr : expr . T_QUEST expr T_COLON expr  (17)
	expr : expr . T_LAND expr  (18)
	expr : expr . T_LOR expr  (19)
	expr : expr T_LOR expr .  (19)
	expr : expr . T_GT expr  (20)
	expr : expr . T_GE expr  (21)
	expr : expr . T_LT expr  (22)
	expr : expr . T_LE expr  (23)
	expr : expr . T_EQ expr  (24)
	expr : expr . T_NE expr  (25)
	expr : expr . T_PLUS expr  (26)
	expr : expr . T_MINUS expr  (27)
	expr : expr . T_TIMES expr  (28)
	expr : expr . T_DIV expr  (29)
	expr : expr . T_MOD expr  (30)
	expr : expr . T_DOT expr  (31)
	expr : expr . T_CROSS expr  (32)
	expr : expr . T_EXP expr  (33)

	T_PERIOD  shift 34
	T_LAND  shift 36
	T_LT  shift 37
	T_LE  shift 38
	T_GT  shift 39
	T_GE  shift 40
	T_EQ  shift 41
	T_NE  shift 42
	T_CROSS  shift 44
	T_DOT  shift 45
	T_PLUS  shift 46
	T_MINUS  shift 47
	T_EXP  shift 48
	T_TIMES  shift 49
	T_DIV  shift 50
	T_MOD  shift 51
	T_EOF  reduce 19
	T_RPAR  reduce 19
	T_RSQB  reduce 19
	T_COMMA  reduce 19
	T_COLON  reduce 19
	T_LOR  reduce 19
	T_QUEST  reduce 19
	T_SEMI  reduce 19


state 67
	expr : expr . T_PERIOD constant  (8)
	expr : expr . T_PERIOD T_NAME  (9)
	expr : expr . T_QUEST expr T_COLON expr  (17)
	expr : expr . T_LAND expr  (18)
	expr : expr T_LAND expr .  (18)
	expr : expr . T_LOR expr  (19)
	expr : expr . T_GT expr  (20)
	expr : expr . T_GE expr  (21)
	expr : expr . T_LT expr  (22)
	expr : expr . T_LE expr  (23)
	expr : expr . T_EQ expr  (24)
	expr : expr . T_NE expr  (25)
	expr : expr . T_PLUS expr  (26)
	expr : expr . T_MINUS expr  (27)
	expr : expr . T_TIMES expr  (28)
	expr : expr . T_DIV expr  (29)
	expr : expr . T_MOD expr  (30)
	expr : expr . T_DOT expr  (31)
	expr : expr . T_CROSS expr  (32)
	expr : expr . T_EXP expr  (33)

	T_PERIOD  shift 34
	T_LT  shift 37
	T_LE  shift 38
	T_GT  shift 39
	T_GE  shift 40
	T_EQ  shift 41
	T_NE  shift 42
	T_CROSS  shift 44
	T_DOT  shift 45
	T_PLUS  shift 46
	T_MINUS  shift 47
	T_EXP  shift 48
	T_TIMES  shift 49
	T_DIV  shift 50
	T_MOD  shift 51
	T_EOF  reduce 18
	T_RPAR  reduce 18
	T_RSQB  reduce 18
	T_COMMA  reduce 18
	T_COLON  reduce 18
	T_LOR  reduce 18
	T_LAND  reduce 18
	T_QUEST  reduce 18
	T_SEMI  reduce 18


state 68
	expr : expr . T_PERIOD constant  (8)
	expr : expr . T_PERIOD T_NAME  (9)
	expr : expr . T_QUEST expr T_COLON expr  (17)
	expr : expr . T_LAND expr  (18)
	expr : expr . T_LOR expr  (19)
	expr : expr . T_GT expr  (20)
	expr : expr . T_GE expr  (21)
	expr : expr . T_LT expr  (22)
	expr : expr T_LT expr .  (22)
	expr : expr . T_LE expr  (23)
	expr : expr . T_EQ expr  (24)
	expr : expr . T_NE expr  (25)
	expr : expr . T_PLUS expr  (26)
	expr : expr . T_MINUS expr  (27)
	expr : expr . T_TIMES expr  (28)
	expr : expr . T_DIV expr  (29)
	expr : expr . T_MOD expr  (30)
	expr : expr . T_DOT expr  (31)
	expr : expr . T_CROSS expr  (32)
	expr : expr . T_EXP expr  (33)

	T_PERIOD  shift 34
	T_CROSS  shift 44
	T_DOT  shift 45
	T_PLUS  shift 46
	T_MINUS  shift 47
	T_EXP  shift 48
	T_TIMES  shift 49
	T_DIV  shift 50
	T_MOD  shift 51
	T_EOF  reduce 22
	T_RPAR  reduce 22
	T_RSQB  reduce 22
	T_COMMA  reduce 22
	T_COLON  reduce 22
	T_LOR  reduce 22
	T_LAND  reduce 22
	T_LT  reduce 22
	T_LE  reduce 22
	T_GT  reduce 22
	T_GE  reduce 22
	T_EQ  reduce 22
	T_NE  reduce 22
	T_QUEST  reduce 22
	T_SEMI  reduce 22


state 69
	expr : expr . T_PERIOD constant  (8)
	expr : expr . T_PERIOD T_NAME  (9)
	expr : expr . T_QUEST expr T_COLON expr  (17)
	expr : expr . T_LAND expr  (18)
	expr : expr . T_LOR expr  (19)
	expr : expr . T_GT expr  (20)
	expr : expr . T_GE expr  (21)
	expr : expr . T_LT expr  (22)
	expr : expr . T_LE expr  (23)
	expr : expr T_LE expr .  (23)
	expr : expr . T_EQ expr  (24)
	expr : expr . T_NE expr  (25)
	expr : expr . T_PLUS expr  (26)
	expr : expr . T_MINUS expr  (27)
	expr : expr . T_TIMES expr  (28)
	expr : expr . T_DIV expr  (29)
	expr : expr . T_MOD expr  (30)
	expr : expr . T_DOT expr  (31)
	expr : expr . T_CROSS expr  (32)
	expr : expr . T_EXP expr  (33)

	T_PERIOD  shift 34
	T_CROSS  shift 44
	T_DOT  shift 45
	T_PLUS  shift 46
	T_MINUS  shift 47
	T_EXP  shift 48
	T_TIMES  shift 49
	T_DIV  shift 50
	T_MOD  shift 51
	T_EOF  reduce 23
	T_RPAR  reduce 23
	T_RSQB  reduce 23
	T_COMMA  reduce 23
	T_COLON  reduce 23
	T_LOR  reduce 23
	T_LAND  reduce 23
	T_LT  reduce 23
	T_LE  reduce 23
	T_GT  reduce 23
	T_GE  reduce 23
	T_EQ  reduce 23
	T_NE  reduce 23
	T_QUEST  reduce 23
	T_SEMI  reduce 23


state 70
	expr : expr . T_PERIOD constant  (8)
	expr : expr . T_PERIOD T_NAME  (9)
	expr : expr . T_QUEST expr T_COLON expr  (17)
	expr : expr . T_LAND expr  (18)
	expr : expr . T_LOR expr  (19)
	expr : expr . T_GT expr  (20)
	expr : expr T_GT expr .  (20)
	expr : expr . T_GE expr  (21)
	expr : expr . T_LT expr  (22)
	expr : expr . T_LE expr  (23)
	expr : expr . T_EQ expr  (24)
	expr : expr . T_NE expr  (25)
	expr : expr . T_PLUS expr  (26)
	expr : expr . T_MINUS expr  (27)
	expr : expr . T_TIMES expr  (28)
	expr : expr . T_DIV expr  (29)
	expr : expr . T_MOD expr  (30)
	expr : expr . T_DOT expr  (31)
	expr : expr . T_CROSS expr  (32)
	expr : expr . T_EXP expr  (33)

	T_PERIOD  shift 34
	T_CROSS  shift 44
	T_DOT  shift 45
	T_PLUS  shift 46
	T_MINUS  shift 47
	T_EXP  shift 48
	T_TIMES  shift 49
	T_DIV  shift 50
	T_MOD  shift 51
	T_EOF  reduce 20
	T_RPAR  reduce 20
	T_RSQB  reduce 20
	T_COMMA  reduce 20
	T_COLON  reduce 20
	T_LOR  reduce 20
	T_LAND  reduce 20
	T_LT  reduce 20
	T_LE  reduce 20
	T_GT  reduce 20
	T_GE  reduce 20
	T_EQ  reduce 20
	T_NE  reduce 20
	T_QUEST  reduce 20
	T_SEMI  reduce 20


state 71
	expr : expr . T_PERIOD constant  (8)
	expr : expr . T_PERIOD T_NAME  (9)
	expr : expr . T_QUEST expr T_COLON expr  (17)
	expr : expr . T_LAND expr  (18)
	expr : expr . T_LOR expr  (19)
	expr : expr . T_GT expr  (20)
	expr : expr . T_GE expr  (21)
	expr : expr T_GE expr .  (21)
	expr : expr . T_LT expr  (22)
	expr : expr . T_LE expr  (23)
	expr : expr . T_EQ expr  (24)
	expr : expr . T_NE expr  (25)
	expr : expr . T_PLUS expr  (26)
	expr : expr . T_MINUS expr  (27)
	expr : expr . T_TIMES expr  (28)
	expr : expr . T_DIV expr  (29)
	expr : expr . T_MOD expr  (30)
	expr : expr . T_DOT expr  (31)
	expr : expr . T_CROSS expr  (32)
	expr : expr . T_EXP expr  (33)

	T_PERIOD  shift 34
	T_CROSS  shift 44
	T_DOT  shift 45
	T_PLUS  shift 46
	T_MINUS  shift 47
	T_EXP  shift 48
	T_TIMES  shift 49
	T_DIV  shift 50
	T_MOD  shift 51
	T_EOF  reduce 21
	T_RPAR  reduce 21
	T_RSQB  reduce 21
	T_COMMA  reduce 21
	T_COLON  reduce 21
	T_LOR  reduce 21
	T_LAND  reduce 21
	T_LT  reduce 21
	T_LE  reduce 21
	T_GT  reduce 21
	T_GE  reduce 21
	T_EQ  reduce 21
	T_NE  reduce 21
	T_QUEST  reduce 21
	T_SEMI  reduce 21


state 72
	expr : expr . T_PERIOD constant  (8)
	expr : expr . T_PERIOD T_NAME  (9)
	expr : expr . T_QUEST expr T_COLON expr  (17)
	expr : expr . T_LAND expr  (18)
	expr : expr . T_LOR expr  (19)
	expr : expr . T_GT expr  (20)
	expr : expr . T_GE expr  (21)
	expr : expr . T_LT expr  (22)
	expr : expr . T_LE expr  (23)
	expr : expr . T_EQ expr  (24)
	expr : expr T_EQ expr .  (24)
	expr : expr . T_NE expr  (25)
	expr : expr . T_PLUS expr  (26)
	expr : expr . T_MINUS expr  (27)
	expr : expr . T_TIMES expr  (28)
	expr : expr . T_DIV expr  (29)
	expr : expr . T_MOD expr  (30)
	expr : expr . T_DOT expr  (31)
	expr : expr . T_CROSS expr  (32)
	expr : expr . T_EXP expr  (33)

	T_PERIOD  shift 34
	T_LT  shift 37
	T_LE  shift 38
	T_GT  shift 39
	T_GE  shift 40
	T_CROSS  shift 44
	T_DOT  shift 45
	T_PLUS  shift 46
	T_MINUS  shift 47
	T_EXP  shift 48
	T_TIMES  shift 49
	T_DIV  shift 50
	T_MOD  shift 51
	T_EOF  reduce 24
	T_RPAR  reduce 24
	T_RSQB  reduce 24
	T_COMMA  reduce 24
	T_COLON  reduce 24
	T_LOR  reduce 24
	T_LAND  reduce 24
	T_EQ  reduce 24
	T_NE  reduce 24
	T_QUEST  reduce 24
	T_SEMI  reduce 24


state 73
	expr : expr . T_PERIOD constant  (8)
	expr : expr . T_PERIOD T_NAME  (9)
	expr : expr . T_QUEST expr T_COLON expr  (17)
	expr : expr . T_LAND expr  (18)
	expr : expr . T_LOR expr  (19)
	expr : expr . T_GT expr  (20)
	expr : expr . T_GE expr  (21)
	expr : expr . T_LT expr  (22)
	expr : expr . T_LE expr  (23)
	expr : expr . T_EQ expr  (24)
	expr : expr . T_NE expr  (25)
	expr : expr T_NE expr .  (25)
	expr : expr . T_PLUS expr  (26)
	expr : expr . T_MINUS expr  (27)
	expr : expr . T_TIMES expr  (28)
	expr : expr . T_DIV expr  (29)
	expr : expr . T_MOD expr  (30)
	expr : expr . T_DOT expr  (31)
	expr : expr . T_CROSS expr  (32)
	expr : expr . T_EXP expr  (33)

	T_PERIOD  shift 34
	T_LT  shift 37
	T_LE  shift 38
	T_GT  shift 39
	T_GE  shift 40
	T_CROSS  shift 44
	T_DOT  shift 45
	T_PLUS  shift 46
	T_MINUS  shift 47
	T_EXP  shift 48
	T_TIMES  shift 49
	T_DIV  shift 50
	T_MOD  shift 51
	T_EOF  reduce 25
	T_RPAR  reduce 25
	T_RSQB  reduce 25
	T_COMMA  reduce 25
	T_COLON  reduce 25
	T_LOR  reduce 25
	T_LAND  reduce 25
	T_EQ  reduce 25
	T_NE  reduce 25
	T_QUEST  reduce 25
	T_SEMI  reduce 25


state 74
	expr : expr . T_PERIOD constant  (8)
	expr : expr . T_PERIOD T_NAME  (9)
	expr : expr . T_QUEST expr T_COLON expr  (17)
	expr : expr T_QUEST expr . T_COLON expr  (17)
	expr : expr . T_LAND expr  (18)
	expr : expr . T_LOR expr  (19)
	expr : expr . T_GT expr  (20)
	expr : expr . T_GE expr  (21)
	expr : expr . T_LT expr  (22)
	expr : expr . T_LE expr  (23)
	expr : expr . T_EQ expr  (24)
	expr : expr . T_NE expr  (25)
	expr : expr . T_PLUS expr  (26)
	expr : expr . T_MINUS expr  (27)
	expr : expr . T_TIMES expr  (28)
	expr : expr . T_DIV expr  (29)
	expr : expr . T_MOD expr  (30)
	expr : expr . T_DOT expr  (31)
	expr : expr . T_CROSS expr  (32)
	expr : expr . T_EXP expr  (33)

	T_PERIOD  shift 34
	T_COLON  shift 90
	T_LOR  shift 35
	T_LAND  shift 36
	T_LT  shift 37
	T_LE  shift 38
	T_GT  shift 39
	T_GE  shift 40
	T_EQ  shift 41
	T_NE  shift 42
	T_QUEST  shift 43
	T_CROSS  shift 44
	T_DOT  shift 45
	T_PLUS  shift 46
	T_MINUS  shift 47
	T_EXP  shift 48
	T_TIMES  shift 49
	T_DIV  shift 50
	T_MOD  shift 51
	.  error


state 75
	expr : expr . T_PERIOD constant  (8)
	expr : expr . T_PERIOD T_NAME  (9)
	expr : expr . T_QUEST expr T_COLON expr  (17)
	expr : expr . T_LAND expr  (18)
	expr : expr . T_LOR expr  (19)
	expr : expr . T_GT expr  (20)
	expr : expr . T_GE expr  (21)
	expr : expr . T_LT expr  (22)
	expr : expr . T_LE expr  (23)
	expr : expr . T_EQ expr  (24)
	expr : expr . T_NE expr  (25)
	expr : expr . T_PLUS expr  (26)
	expr : expr . T_MINUS expr  (27)
	expr : expr . T_TIMES expr  (28)
	expr : expr . T_DIV expr  (29)
	expr : expr . T_MOD expr  (30)
	expr : expr . T_DOT expr  (31)
	expr : expr . T_CROSS expr  (32)
	expr : expr T_CROSS expr .  (32)
	expr : expr . T_EXP expr  (33)

	T_PERIOD  shift 34
	T_DOT  shift 45
	T_EXP  shift 48
	T_TIMES  shift 49
	T_DIV  shift 50
	T_MOD  shift 51
	T_EOF  reduce 32
	T_RPAR  reduce 32
	T_RSQB  reduce 32
	T_COMMA  reduce 32
	T_COLON  reduce 32
	T_LOR  reduce 32
	T_LAND  reduce 32
	T_LT  reduce 32
	T_LE  reduce 32
	T_GT  reduce 32
	T_GE  reduce 32
	T_EQ  reduce 32
	T_NE  reduce 32
	T_QUEST  reduce 32
	T_CROSS  reduce 32
	T_PLUS  reduce 32
	T_MINUS  reduce 32
	T_SEMI  reduce 32


state 76
	expr : expr . T_PERIOD constant  (8)
	expr : expr . T_PERIOD T_NAME  (9)
	expr : expr . T_QUEST expr T_COLON expr  (17)
	expr : expr . T_LAND expr  (18)
	expr : expr . T_LOR expr  (19)
	expr : expr . T_GT expr  (20)
	expr : expr . T_GE expr  (21)
	expr : expr . T_LT expr  (22)
	expr : expr . T_LE expr  (23)
	expr : expr . T_EQ expr  (24)
	expr : expr . T_NE expr  (25)
	expr : expr . T_PLUS expr  (26)
	expr : expr . T_MINUS expr  (27)
	expr : expr . T_TIMES expr  (28)
	expr : expr . T_DIV expr  (29)
	expr : expr . T_MOD expr  (30)
	expr : expr . T_DOT expr  (31)
	expr : expr T_DOT expr .  (31)
	expr : expr . T_CROSS expr  (32)
	expr : expr . T_EXP expr  (33)

	T_PERIOD  shift 34
	T_EXP  shift 48
	T_EOF  reduce 31
	T_RPAR  reduce 31
	T_RSQB  reduce 31
	T_COMMA  reduce 31
	T_COLON  reduce 31
	T_LOR  reduce 31
	T_LAND  reduce 31
	T_LT  reduce 31
	T_LE  reduce 31
	T_GT  reduce 31
	T_GE  reduce 31
	T_EQ  reduce 31
	T_NE  reduce 31
	T_QUEST  reduce 31
	T_CROSS  reduce 31
	T_DOT  reduce 31
	T_PLUS  reduce 31
	T_MINUS  reduce 31
	T_TIMES  reduce 31
	T_DIV  reduce 31
	T_MOD  reduce 31
	T_SEMI  reduce 31


state 77
	expr : expr . T_PERIOD constant  (8)
	expr : expr . T_PERIOD T_NAME  (9)
	expr : expr . T_QUEST expr T_COLON expr  (17)
	expr : expr . T_LAND expr  (18)
	expr : expr . T_LOR expr  (19)
	expr : expr . T_GT expr  (20)
	expr : expr . T_GE expr  (21)
	expr : expr . T_LT expr  (22)
	expr : expr . T_LE expr  (23)
	expr : expr . T_EQ expr  (24)
	expr : expr . T_NE expr  (25)
	expr : expr . T_PLUS expr  (26)
	expr : expr T_PLUS expr .  (26)
	expr : expr . T_MINUS expr  (27)
	expr : expr . T_TIMES expr  (28)
	expr : expr . T_DIV expr  (29)
	expr : expr . T_MOD expr  (30)
	expr : expr . T_DOT expr  (31)
	expr : expr . T_CROSS expr  (32)
	expr : expr . T_EXP expr  (33)

	T_PERIOD  shift 34
	T_CROSS  shift 44
	T_DOT  shift 45
	T_EXP  shift 48
	T_TIMES  shift 49
	T_DIV  shift 50
	T_MOD  shift 51
	T_EOF  reduce 26
	T_RPAR  reduce 26
	T_RSQB  reduce 26
	T_COMMA  reduce 26
	T_COLON  reduce 26
	T_LOR  reduce 26
	T_LAND  reduce 26
	T_LT  reduce 26
	T_LE  reduce 26
	T_GT  reduce 26
	T_GE  reduce 26
	T_EQ  reduce 26
	T_NE  reduce 26
	T_QUEST  reduce 26
	T_PLUS  reduce 26
	T_MINUS  reduce 26
	T_SEMI  reduce 26


state 78
	expr : expr . T_PERIOD constant  (8)
	expr : expr . T_PERIOD T_NAME  (9)
	expr : expr . T_QUEST expr T_COLON expr  (17)
	expr : expr . T_LAND expr  (18)
	expr : expr . T_LOR expr  (19)
	expr : expr . T_GT expr  (20)
	expr : expr . T_GE expr  (21)
	expr : expr . T_LT expr  (22)
	expr : expr . T_LE expr  (23)
	expr : expr . T_EQ expr  (24)
	expr : expr . T_NE expr  (25)
	expr : expr . T_PLUS expr  (26)
	expr : expr . T_MINUS expr  (27)
	expr : expr T_MINUS expr .  (27)
	expr : expr . T_TIMES expr  (28)
	expr : expr . T_DIV expr  (29)
	expr : expr . T_MOD expr  (30)
	expr : expr . T_DOT expr  (31)
	expr : expr . T_CROSS expr  (32)
	expr : expr . T_EXP expr  (33)

	T_PERIOD  shift 34
	T_CROSS  shift 44
	T_DOT  shift 45
	T_EXP  shift 48
	T_TIMES  shift 49
	T_DIV  shift 50
	T_MOD  shift 51
	T_EOF  reduce 27
	T_RPAR  reduce 27
	T_RSQB  reduce 27
	T_COMMA  reduce 27
	T_COLON  reduce 27
	T_LOR  reduce 27
	T_LAND  reduce 27
	T_LT  reduce 27
	T_LE  reduce 27
	T_GT  reduce 27
	T_GE  reduce 27
	T_EQ  reduce 27
	T_NE  reduce 27
	T_QUEST  reduce 27
	T_PLUS  reduce 27
	T_MINUS  reduce 27
	T_SEMI  reduce 27


state 79
	expr : expr . T_PERIOD constant  (8)
	expr : expr . T_PERIOD T_NAME  (9)
	expr : expr . T_QUEST expr T_COLON expr  (17)
	expr : expr . T_LAND expr  (18)
	expr : expr . T_LOR expr  (19)
	expr : expr . T_GT expr  (20)
	expr : expr . T_GE expr  (21)
	expr : expr . T_LT expr  (22)
	expr : expr . T_LE expr  (23)
	expr : expr . T_EQ expr  (24)
	expr : expr . T_NE expr  (25)
	expr : expr . T_PLUS expr  (26)
	expr : expr . T_MINUS expr  (27)
	expr : expr . T_TIMES expr  (28)
	expr : expr . T_DIV expr  (29)
	expr : expr . T_MOD expr  (30)
	expr : expr . T_DOT expr  (31)
	expr : expr . T_CROSS expr  (32)
	expr : expr . T_EXP expr  (33)
	expr : expr T_EXP expr .  (33)

	T_PERIOD  shift 34
	T_EOF  reduce 33
	T_RPAR  reduce 33
	T_RSQB  reduce 33
	T_COMMA  reduce 33
	T_COLON  reduce 33
	T_LOR  reduce 33
	T_LAND  reduce 33
	T_LT  reduce 33
	T_LE  reduce 33
	T_GT  reduce 33
	T_GE  reduce 33
	T_EQ  reduce 33
	T_NE  reduce 33
	T_QUEST  reduce 33
	T_CROSS  reduce 33
	T_DOT  reduce 33
	T_PLUS  reduce 33
	T_MINUS  reduce 33
	T_EXP  reduce 33
	T_TIMES  reduce 33
	T_DIV  reduce 33
	T_MOD  reduce 33
	T_SEMI  reduce 33


state 80
	expr : expr . T_PERIOD constant  (8)
	expr : expr . T_PERIOD T_NAME  (9)
	expr : expr . T_QUEST expr T_COLON expr  (17)
	expr : expr . T_LAND expr  (18)
	expr : expr . T_LOR expr  (19)
	expr : expr . T_GT expr  (20)
	expr : expr . T_GE expr  (21)
	expr : expr . T_LT expr  (22)
	expr : expr . T_LE expr  (23)
	expr : expr . T_EQ expr  (24)
	expr : expr . T_NE expr  (25)
	expr : expr . T_PLUS expr  (26)
	expr : expr . T_MINUS expr  (27)
	expr : expr . T_TIMES expr  (28)
	expr : expr T_TIMES expr .  (28)
	expr : expr . T_DIV expr  (29)
	expr : expr . T_MOD expr  (30)
	expr : expr . T_DOT expr  (31)
	expr : expr . T_CROSS expr  (32)
	expr : expr . T_EXP expr  (33)

	T_PERIOD  shift 34
	T_DOT  shift 45
	T_EXP  shift 48
	T_EOF  reduce 28
	T_RPAR  reduce 28
	T_RSQB  reduce 28
	T_COMMA  reduce 28
	T_COLON  reduce 28
	T_LOR  reduce 28
	T_LAND  reduce 28
	T_LT  reduce 28
	T_LE  reduce 28
	T_GT  reduce 28
	T_GE  reduce 28
	T_EQ  reduce 28
	T_NE  reduce 28
	T_QUEST  reduce 28
	T_CROSS  reduce 28
	T_PLUS  reduce 28
	T_MINUS  reduce 28
	T_TIMES  reduce 28
	T_DIV  reduce 28
	T_MOD  reduce 28
	T_SEMI  reduce 28


state 81
	expr : expr . T_PERIOD constant  (8)
	expr : expr . T_PERIOD T_NAME  (9)
	expr : expr . T_QUEST expr T_COLON expr  (17)
	expr : expr . T_LAND expr  (18)
	expr : expr . T_LOR expr  (19)
	expr : expr . T_GT expr  (20)
	expr : expr . T_GE expr  (21)
	expr : expr . T_LT expr  (22)
	expr : expr . T_LE expr  (23)
	expr : expr . T_EQ expr  (24)
	expr : expr . T_NE expr  (25)
	expr : expr . T_PLUS expr  (26)
	expr : expr . T_MINUS expr  (27)
	expr : expr . T_TIMES expr  (28)
	expr : expr . T_DIV expr  (29)
	expr : expr T_DIV expr .  (29)
	expr : expr . T_MOD expr  (30)
	expr : expr . T_DOT expr  (31)
	expr : expr . T_CROSS expr  (32)
	expr : expr . T_EXP expr  (33)

	T_PERIOD  shift 34
	T_DOT  shift 45
	T_EXP  shift 48
	T_EOF  reduce 29
	T_RPAR  reduce 29
	T_RSQB  reduce 29
	T_COMMA  reduce 29
	T_COLON  reduce 29
	T_LOR  reduce 29
	T_LAND  reduce 29
	T_LT  reduce 29
	T_LE  reduce 29
	T_GT  reduce 29
	T_GE  reduce 29
	T_EQ  reduce 29
	T_NE  reduce 29
	T_QUEST  reduce 29
	T_CROSS  reduce 29
	T_PLUS  reduce 29
	T_MINUS  reduce 29
	T_TIMES  reduce 29
	T_DIV  reduce 29
	T_MOD  reduce 29
	T_SEMI  reduce 29


state 82
	expr : expr . T_PERIOD constant  (8)
	expr : expr . T_PERIOD T_NAME  (9)
	expr : expr . T_QUEST expr T_COLON expr  (17)
	expr : expr . T_LAND expr  (18)
	expr : expr . T_LOR expr  (19)
	expr : expr . T_GT expr  (20)
	expr : expr . T_GE expr  (21)
	expr : expr . T_LT expr  (22)
	expr : expr . T_LE expr  (23)
	expr : expr . T_EQ expr  (24)
	expr : expr . T_NE expr  (25)
	expr : expr . T_PLUS expr  (26)
	expr : expr . T_MINUS expr  (27)
	expr : expr . T_TIMES expr  (28)
	expr : expr . T_DIV expr  (29)
	expr : expr . T_MOD expr  (30)
	expr : expr T_MOD expr .  (30)
	expr : expr . T_DOT expr  (31)
	expr : expr . T_CROSS expr  (32)
	expr : expr . T_EXP expr  (33)

	T_PERIOD  shift 34
	T_DOT  shift 45
	T_EXP  shift 48
	T_EOF  reduce 30
	T_RPAR  reduce 30
	T_RSQB  reduce 30
	T_COMMA  reduce 30
	T_COLON  reduce 30
	T_LOR  reduce 30
	T_LAND  reduce 30
	T_LT  reduce 30
	T_LE  reduce 30
	T_GT  reduce 30
	T_GE  reduce 30
	T_EQ  reduce 30
	T_NE  reduce 30
	T_QUEST  reduce 30
	T_CROSS  reduce 30
	T_PLUS  reduce 30
	T_MINUS  reduce 30
	T_TIMES  reduce 30
	T_DIV  reduce 30
	T_MOD  reduce 30
	T_SEMI  reduce 30


state 83
	statement_list : statement_list T_SEMI expr .  (5)
	expr : expr . T_PERIOD constant  (8)
	expr : expr . T_PERIOD T_NAME  (9)
	expr : expr . T_QUEST expr T_COLON expr  (17)
	expr : expr . T_LAND expr  (18)
	expr : expr . T_LOR expr  (19)
	expr : expr . T_GT expr  (20)
	expr : expr . T_GE expr  (21)
	expr : expr . T_LT expr  (22)
	expr : expr . T_LE expr  (23)
	expr : expr . T_EQ expr  (24)
	expr : expr . T_NE expr  (25)
	expr : expr . T_PLUS expr  (26)
	expr : expr . T_MINUS expr  (27)
	expr : expr . T_TIMES expr  (28)
	expr : expr . T_DIV expr  (29)
	expr : expr . T_MOD expr  (30)
	expr : expr . T_DOT expr  (31)
	expr : expr . T_CROSS expr  (32)
	expr : expr . T_EXP expr  (33)

	T_PERIOD  shift 34
	T_LOR  shift 35
	T_LAND  shift 36
	T_LT  shift 37
	T_LE  shift 38
	T_GT  shift 39
	T_GE  shift 40
	T_EQ  shift 41
	T_NE  shift 42
	T_QUEST  shift 43
	T_CROSS  shift 44
	T_DOT  shift 45
	T_PLUS  shift 46
	T_MINUS  shift 47
	T_EXP  shift 48
	T_TIMES  shift 49
	T_DIV  shift 50
	T_MOD  shift 51
	T_EOF  reduce 5
	T_SEMI  reduce 5


state 84
	expr : T_NAME T_LPAR optional_argument_list T_RPAR .  (13)

	.  reduce 13


state 85
	argument_list : argument_list T_COMMA . expr  (42)

	T_NAME  shift 3
	T_FLOAT  shift 4
	T_DOUBLE  shift 5
	T_INT  shift 6
	T_INPUT  shift 7
	T_STRING  shift 8
	T_LPAR  shift 9
	T_LSQB  shift 10
	T_LNOT  shift 11
	T_CROSS  shift 12
	T_DOT  shift 13
	T_PLUS  shift 14
	T_MINUS  shift 15
	T_MOD  shift 16
	.  error

	expr  goto 91
	constant  goto 20
	real  goto 21


state 86
	expr : expr . T_PERIOD constant  (8)
	expr : expr . T_PERIOD T_NAME  (9)
	expr : expr . T_QUEST expr T_COLON expr  (17)
	expr : expr . T_LAND expr  (18)
	expr : expr . T_LOR expr  (19)
	expr : expr . T_GT expr  (20)
	expr : expr . T_GE expr  (21)
	expr : expr . T_LT expr  (22)
	expr : expr . T_LE expr  (23)
	expr : expr . T_EQ expr  (24)
	expr : expr . T_NE expr  (25)
	expr : expr . T_PLUS expr  (26)
	expr : expr . T_MINUS expr  (27)
	expr : expr . T_TIMES expr  (28)
	expr : expr . T_DIV expr  (29)
	expr : expr . T_MOD expr  (30)
	expr : expr . T_DOT expr  (31)
	expr : expr . T_CROSS expr  (32)
	expr : expr . T_EXP expr  (33)
	list : list T_COMMA expr .  (44)

	T_PERIOD  shift 34
	T_LOR  shift 35
	T_LAND  shift 36
	T_LT  shift 37
	T_LE  shift 38
	T_GT  shift 39
	T_GE  shift 40
	T_EQ  shift 41
	T_NE  shift 42
	T_QUEST  shift 43
	T_CROSS  shift 44
	T_DOT  shift 45
	T_PLUS  shift 46
	T_MINUS  shift 47
	T_EXP  shift 48
	T_TIMES  shift 49
	T_DIV  shift 50
	T_MOD  shift 51
	T_RSQB  reduce 44
	T_COMMA  reduce 44


state 87
	expr : T_CROSS T_LPAR optional_argument_list T_RPAR .  (16)

	.  reduce 16


state 88
	expr : T_DOT T_LPAR optional_argument_list T_RPAR .  (15)

	.  reduce 15


state 89
	expr : T_MOD T_LPAR optional_argument_list T_RPAR .  (14)

	.  reduce 14


state 90
	expr : expr T_QUEST expr T_COLON . expr  (17)

	T_NAME  shift 3
	T_FLOAT  shift 4
	T_DOUBLE  shift 5
	T_INT  shift 6
	T_INPUT  shift 7
	T_STRING  shift 8
	T_LPAR  shift 9
	T_LSQB  shift 10
	T_LNOT  shift 11
	T_CROSS  shift 12
	T_DOT  shift 13
	T_PLUS  shift 14
	T_MINUS  shift 15
	T_MOD  shift 16
	.  error

	expr  goto 92
	constant  goto 20
	real  goto 21


state 91
	expr : expr . T_PERIOD constant  (8)
	expr : expr . T_PERIOD T_NAME  (9)
	expr : expr . T_QUEST expr T_COLON expr  (17)
	expr : expr . T_LAND expr  (18)
	expr : expr . T_LOR expr  (19)
	expr : expr . T_GT expr  (20)
	expr : expr . T_GE expr  (21)
	expr : expr . T_LT expr  (22)
	expr : expr . T_LE expr  (23)
	expr : expr . T_EQ expr  (24)
	expr : expr . T_NE expr  (25)
	expr : expr . T_PLUS expr  (26)
	expr : expr . T_MINUS expr  (27)
	expr : expr . T_TIMES expr  (28)
	expr : expr . T_DIV expr  (29)
	expr : expr . T_MOD expr  (30)
	expr : expr . T_DOT expr  (31)
	expr : expr . T_CROSS expr  (32)
	expr : expr . T_EXP expr  (33)
	argument_list : argument_list T_COMMA expr .  (42)

	T_PERIOD  shift 34
	T_LOR  shift 35
	T_LAND  shift 36
	T_LT  shift 37
	T_LE  shift 38
	T_GT  shift 39
	T_GE  shift 40
	T_EQ  shift 41
	T_NE  shift 42
	T_QUEST  shift 43
	T_CROSS  shift 44
	T_DOT  shift 45
	T_PLUS  shift 46
	T_MINUS  shift 47
	T_EXP  shift 48
	T_TIMES  shift 49
	T_DIV  shift 50
	T_MOD  shift 51
	T_RPAR  reduce 42
	T_COMMA  reduce 42


state 92
	expr : expr . T_PERIOD constant  (8)
	expr : expr . T_PERIOD T_NAME  (9)
	expr : expr . T_QUEST expr T_COLON expr  (17)
	expr : expr T_QUEST expr T_COLON expr .  (17)
	expr : expr . T_LAND expr  (18)
	expr : expr . T_LOR expr  (19)
	expr : expr . T_GT expr  (20)
	expr : expr . T_GE expr  (21)
	expr : expr . T_LT expr  (22)
	expr : expr . T_LE expr  (23)
	expr : expr . T_EQ expr  (24)
	expr : expr . T_NE expr  (25)
	expr : expr . T_PLUS expr  (26)
	expr : expr . T_MINUS expr  (27)
	expr : expr . T_TIMES expr  (28)
	expr : expr . T_DIV expr  (29)
	expr : expr . T_MOD expr  (30)
	expr : expr . T_DOT expr  (31)
	expr : expr . T_CROSS expr  (32)
	expr : expr . T_EXP expr  (33)

	T_PERIOD  shift 34
	T_LOR  shift 35
	T_LAND  shift 36
	T_LT  shift 37
	T_LE  shift 38
	T_GT  shift 39
	T_GE  shift 40
	T_EQ  shift 41
	T_NE  shift 42
	T_QUEST  shift 43
	T_CROSS  shift 44
	T_DOT  shift 45
	T_PLUS  shift 46
	T_MINUS  shift 47
	T_EXP  shift 48
	T_TIMES  shift 49
	T_DIV  shift 50
	T_MOD  shift 51
	T_EOF  reduce 17
	T_RPAR  reduce 17
	T_RSQB  reduce 17
	T_COMMA  reduce 17
	T_COLON  reduce 17
	T_SEMI  reduce 17


State 33 contains 1 shift/reduce conflict.


42 terminals, 10 nonterminals
50 grammar rules, 93 states
